<?xml version="1.0" encoding="UTF-8"?>
<!-- Generated by org.testng.reporters.JUnitReportReporter -->
<testsuite skipped="0" hostname="DESKTOP-E84601L" name="testcase.ReadOneProduct" tests="1" failures="0" timestamp="2022-10-26T12:37:33 CDT" time="2.071" errors="0">
  <testcase name="readOneProduct" time="2.071" classname="testcase.ReadOneProduct"/>
  <system-out/>
</testsuite> <!-- testcase.ReadOneProduct -->
