<?xml version="1.0" encoding="UTF-8"?>
<!-- Generated by org.testng.reporters.JUnitReportReporter -->
<testsuite skipped="0" hostname="DESKTOP-E84601L" name="testcase.ReadAllProduct" tests="1" failures="0" timestamp="2022-10-25T19:25:46 CDT" time="3.157" errors="0">
  <testcase name="readAllProduct" time="3.157" classname="testcase.ReadAllProduct"/>
  <system-out/>
</testsuite> <!-- testcase.ReadAllProduct -->
