<?xml version="1.0" encoding="UTF-8"?>
<!-- Generated by org.testng.reporters.JUnitReportReporter -->
<testsuite skipped="0" hostname="DESKTOP-E84601L" name="testcase.CreateOneProduct" tests="3" failures="0" timestamp="2022-10-27T03:07:43 CDT" time="22.715" errors="0">
  <testcase name="createOneProduct" time="20.807" classname="testcase.CreateOneProduct"/>
  <system-out/>
  <testcase name="readAllProduct" time="1.338" classname="testcase.CreateOneProduct"/>
  <system-out/>
  <testcase name="readOneProduct" time="0.570" classname="testcase.CreateOneProduct"/>
  <system-out/>
</testsuite> <!-- testcase.CreateOneProduct -->
