<?xml version="1.0" encoding="UTF-8"?>
<!-- Generated by org.testng.reporters.JUnitReportReporter -->
<testsuite skipped="0" hostname="DESKTOP-E84601L" name="testcase.UpdateOneProduct" tests="2" failures="0" timestamp="2022-10-27T13:05:31 CDT" time="2.604" errors="0">
  <testcase name="updateOneProduct" time="2.128" classname="testcase.UpdateOneProduct"/>
  <system-out/>
  <testcase name="readOneProduct" time="0.476" classname="testcase.UpdateOneProduct"/>
  <system-out/>
</testsuite> <!-- testcase.UpdateOneProduct -->
