<?xml version="1.0" encoding="UTF-8"?>
<!-- Generated by org.testng.reporters.JUnitReportReporter -->
<testsuite skipped="0" hostname="DESKTOP-E84601L" name="testcase.DeleteOneProduct" tests="2" failures="0" timestamp="2022-10-27T17:33:25 CDT" time="3.101" errors="0">
  <testcase name="deleteOneProduct" time="2.621" classname="testcase.DeleteOneProduct"/>
  <system-out/>
  <testcase name="readOneProduct" time="0.480" classname="testcase.DeleteOneProduct"/>
  <system-out/>
</testsuite> <!-- testcase.DeleteOneProduct -->
